2567.10.11 12:05:17 INFO  tracing is disabled for protocol LSP, to enable tracing of incoming and outgoing JSON messages create an empty file at c:\Users\User\Desktop\activityapp\.metals\lsp.trace.json
2567.10.11 12:05:19 INFO  logging to files C:\Users\User\Desktop\activityapp\.metals\metals.log
2567.10.11 12:05:19 INFO  Started: Metals version 1.3.5 in folders 'C:\Users\User\Desktop\activityapp' for client Visual Studio Code 1.94.1.
SLF4J(W): Class path contains multiple SLF4J providers.
SLF4J(W): Found provider [scribe.slf4j.ScribeServiceProvider@7400fd1c]
SLF4J(W): Found provider [ch.qos.logback.classic.spi.LogbackServiceProvider@28bc590d]
SLF4J(W): See https://www.slf4j.org/codes.html#multiple_bindings for an explanation.
SLF4J(I): Actual provider is of type [scribe.slf4j.ScribeServiceProvider@7400fd1c]
2567.10.11 12:05:22 WARN  Flyway upgrade recommended: H2 2.3.230 is newer than this version of Flyway and support has not been tested. The latest supported version of H2 is 2.2.220.
2567.10.11 12:05:22 WARN  no build tool detected in workspace 'C:\Users\User\Desktop\activityapp'. The most common cause for this problem is that the editor was opened in the wrong working directory, for example if you use sbt then the workspace directory should contain build.sbt. 
2567.10.11 12:05:22 WARN  Build server is not auto-connectable.
2567.10.11 12:09:08 INFO  logging to files C:\Users\User\Desktop\activityapp\.metals\metals.log
2567.10.11 12:09:08 WARN  Flyway upgrade recommended: H2 2.3.230 is newer than this version of Flyway and support has not been tested. The latest supported version of H2 is 2.2.220.
2567.10.11 12:09:08 WARN  no build tool detected in workspace 'C:\Users\User\Desktop\activityapp'. The most common cause for this problem is that the editor was opened in the wrong working directory, for example if you use sbt then the workspace directory should contain build.sbt. 
2567.10.11 12:09:08 WARN  Build server is not auto-connectable.
2567.10.11 12:09:19 INFO  logging to files C:\Users\User\Desktop\activityapp\.metals\metals.log
2567.10.11 14:07:05 INFO  logging to files C:\Users\User\Desktop\activityapp\.metals\metals.log
2567.10.11 14:07:43 INFO  logging to files C:\Users\User\Desktop\activityapp\.metals\metals.log
2567.10.11 14:08:01 INFO  logging to files C:\Users\User\Desktop\activityapp\.metals\metals.log
2567.10.11 14:08:22 INFO  logging to files C:\Users\User\Desktop\activityapp\.metals\metals.log
2567.10.11 14:13:18 INFO  Shutting down server
2567.10.11 14:13:18 INFO  shutting down Metals
2567.10.11 14:13:18 INFO  Exiting server
